<?xml version="1.0" encoding="UTF-8"?>
<testsuite name="pl.edu.agh.school.SchoolModuleTest" tests="1" skipped="0" failures="0" errors="0" timestamp="2024-11-16T18:51:50" hostname="DESKTOP-JAL4GDI" time="0.179">
  <properties/>
  <testcase name="testLoggerSingleton()" classname="pl.edu.agh.school.SchoolModuleTest" time="0.179"/>
  <system-out><![CDATA[]]></system-out>
  <system-err><![CDATA[]]></system-err>
</testsuite>
